Unity Editor version:    2021.3.19f1 (c9714fde33b6)
Branch:                  2021.3/staging
Build type:              Release
Batch mode:              YES
macOS version:           Version 13.4 (Build 22F66)
Darwin version:          22.5.0
Architecture:            arm64
Running under Rosetta:   NO
Available memory:        16384 MB
Using pre-set license
Pro License: YES

COMMAND LINE ARGUMENTS:
/Applications/Unity/Hub/Editor/2021.3.19f1/Unity.app/Contents/MacOS/Unity
-adb2
-batchMode
-noUpm
-name
AssetImportWorker0
-projectPath
/Users/mymac/Documents/GitHub/JL_BCSD/존 레몬의 공포 체험
-logFile
Logs/AssetImportWorker0.log
-srvPort
61988
Successfully changed project path to: /Users/mymac/Documents/GitHub/JL_BCSD/존 레몬의 공포 체험
/Users/mymac/Documents/GitHub/JL_BCSD/존 레몬의 공포 체험
[UnityMemory] Configuration Parameters - Can be set up in boot.config
    "memorysetup-bucket-allocator-granularity=16"
    "memorysetup-bucket-allocator-bucket-count=8"
    "memorysetup-bucket-allocator-block-size=33554432"
    "memorysetup-bucket-allocator-block-count=8"
    "memorysetup-main-allocator-block-size=16777216"
    "memorysetup-thread-allocator-block-size=16777216"
    "memorysetup-gfx-main-allocator-block-size=16777216"
    "memorysetup-gfx-thread-allocator-block-size=16777216"
    "memorysetup-cache-allocator-block-size=4194304"
    "memorysetup-typetree-allocator-block-size=2097152"
    "memorysetup-profiler-bucket-allocator-granularity=16"
    "memorysetup-profiler-bucket-allocator-bucket-count=8"
    "memorysetup-profiler-bucket-allocator-block-size=33554432"
    "memorysetup-profiler-bucket-allocator-block-count=8"
    "memorysetup-profiler-allocator-block-size=16777216"
    "memorysetup-profiler-editor-allocator-block-size=1048576"
    "memorysetup-temp-allocator-size-main=16777216"
    "memorysetup-job-temp-allocator-block-size=2097152"
    "memorysetup-job-temp-allocator-block-size-background=1048576"
    "memorysetup-job-temp-allocator-reduction-small-platforms=262144"
    "memorysetup-temp-allocator-size-background-worker=32768"
    "memorysetup-temp-allocator-size-job-worker=262144"
    "memorysetup-temp-allocator-size-preload-manager=33554432"
    "memorysetup-temp-allocator-size-nav-mesh-worker=65536"
    "memorysetup-temp-allocator-size-audio-worker=65536"
    "memorysetup-temp-allocator-size-cloud-worker=32768"
    "memorysetup-temp-allocator-size-gi-baking-worker=262144"
    "memorysetup-temp-allocator-size-gfx=262144"
Player connection [8275533312] Host "[IP] 192.168.0.29 [Port] 0 [Flags] 2 [Guid] 1528505550 [EditorId] 1528505550 [Version] 1048832 [Id] OSXEditor(0,Myui-noteubug.local) [Debug] 1 [PackageName] OSXEditor [ProjectName] Editor" joined multi-casting on [225.0.0.222:54997]...

Player connection [8275533312] Host "[IP] 192.168.0.29 [Port] 0 [Flags] 2 [Guid] 1528505550 [EditorId] 1528505550 [Version] 1048832 [Id] OSXEditor(0,Myui-noteubug.local) [Debug] 1 [PackageName] OSXEditor [ProjectName] Editor" joined alternative multi-casting on [225.0.0.222:34997]...

Refreshing native plugins compatible for Editor in 63.57 ms, found 2 plugins.
Preloading 0 native plugins for Editor in 0.00 ms.
Initialize engine version: 2021.3.19f1 (c9714fde33b6)
[Subsystems] Discovering subsystems at path /Applications/Unity/Hub/Editor/2021.3.19f1/Unity.app/Contents/Resources/UnitySubsystems
[Subsystems] Discovering subsystems at path /Users/mymac/Documents/GitHub/JL_BCSD/존 레몬의 공포 체험/Assets
GfxDevice: creating device client; threaded=0; jobified=0
 preferred device: Apple M1 Pro (high power)
Metal devices available: 1
0: Apple M1 Pro (high power)
Using device Apple M1 Pro (high power)
Initializing Metal device caps: Apple M1 Pro
Initialize mono
Mono path[0] = '/Applications/Unity/Hub/Editor/2021.3.19f1/Unity.app/Contents/Managed'
Mono path[1] = '/Applications/Unity/Hub/Editor/2021.3.19f1/Unity.app/Contents/MonoBleedingEdge/lib/mono/unityjit-macos'
Mono config path = '/Applications/Unity/Hub/Editor/2021.3.19f1/Unity.app/Contents/MonoBleedingEdge/etc'
Using monoOptions --debugger-agent=transport=dt_socket,embedding=1,server=y,suspend=n,address=127.0.0.1:56584
Begin MonoManager ReloadAssembly
Registering precompiled unity dll's ...
Register platform support module: /Applications/Unity/Hub/Editor/2021.3.19f1/Unity.app/Contents/PlaybackEngines/MacStandaloneSupport/UnityEditor.OSXStandalone.Extensions.dll
Register platform support module: /Applications/Unity/Hub/Editor/2021.3.19f1/PlaybackEngines/AndroidPlayer/UnityEditor.Android.Extensions.dll
Register platform support module: /Applications/Unity/Hub/Editor/2021.3.19f1/PlaybackEngines/iOSSupport/UnityEditor.iOS.Extensions.dll
Registered in 0.000800 seconds.
[usbmuxd] Start listen thread
[usbmuxd] Listen thread started
[usbmuxd] Send listen message
Native extension for iOS target not found
Native extension for Android target not found
Android Extension - Scanning For ADB Devices 69 ms
Native extension for OSXStandalone target not found
Refreshing native plugins compatible for Editor in 67.10 ms, found 2 plugins.
Preloading 0 native plugins for Editor in 0.00 ms.
Mono: successfully reloaded assembly
- Completed reload, in  0.510 seconds
Domain Reload Profiling:
	ReloadAssembly (510ms)
		BeginReloadAssembly (29ms)
			ExecutionOrderSort (0ms)
			DisableScriptedObjects (0ms)
			BackupInstance (0ms)
			ReleaseScriptingObjects (0ms)
			CreateAndSetChildDomain (0ms)
		EndReloadAssembly (417ms)
			LoadAssemblies (29ms)
			RebuildTransferFunctionScriptingTraits (0ms)
			SetupTypeCache (68ms)
			ReleaseScriptCaches (0ms)
			RebuildScriptCaches (19ms)
			SetupLoadedEditorAssemblies (305ms)
				LogAssemblyErrors (0ms)
				InitializePlatformSupportModulesInManaged (165ms)
				SetLoadedEditorAssemblies (0ms)
				RefreshPlugins (67ms)
				BeforeProcessingInitializeOnLoad (1ms)
				ProcessInitializeOnLoadAttributes (48ms)
				ProcessInitializeOnLoadMethodAttributes (23ms)
				AfterProcessingInitializeOnLoad (0ms)
				EditorAssembliesLoaded (0ms)
			ExecutionOrderSort2 (0ms)
			AwakeInstancesAfterBackupRestoration (0ms)
Platform modules already initialized, skipping
Registering precompiled user dll's ...
Registered in 0.001662 seconds.
Begin MonoManager ReloadAssembly
Symbol file LoadedFromMemory doesn't match image /Users/mymac/Documents/GitHub/JL_BCSD/존 레몬의 공포 체험/Library/PackageCache/com.unity.visualscripting@1.8.0/Editor/VisualScripting.Core/Dependencies/YamlDotNet/Unity.VisualScripting.YamlDotNet.dll
Symbol file LoadedFromMemory doesn't match image /Users/mymac/Documents/GitHub/JL_BCSD/존 레몬의 공포 체험/Library/PackageCache/com.unity.visualscripting@1.8.0/Editor/VisualScripting.Core/Dependencies/DotNetZip/Unity.VisualScripting.IonicZip.dll
Native extension for iOS target not found
Native extension for Android target not found
Native extension for OSXStandalone target not found
Refreshing native plugins compatible for Editor in 0.33 ms, found 2 plugins.
Preloading 0 native plugins for Editor in 0.00 ms.
Mono: successfully reloaded assembly
- Completed reload, in  0.607 seconds
Domain Reload Profiling:
	ReloadAssembly (608ms)
		BeginReloadAssembly (59ms)
			ExecutionOrderSort (0ms)
			DisableScriptedObjects (3ms)
			BackupInstance (0ms)
			ReleaseScriptingObjects (0ms)
			CreateAndSetChildDomain (17ms)
		EndReloadAssembly (482ms)
			LoadAssemblies (35ms)
			RebuildTransferFunctionScriptingTraits (0ms)
			SetupTypeCache (168ms)
			ReleaseScriptCaches (0ms)
			RebuildScriptCaches (35ms)
			SetupLoadedEditorAssemblies (212ms)
				LogAssemblyErrors (0ms)
				InitializePlatformSupportModulesInManaged (17ms)
				SetLoadedEditorAssemblies (0ms)
				RefreshPlugins (0ms)
				BeforeProcessingInitializeOnLoad (54ms)
				ProcessInitializeOnLoadAttributes (129ms)
				ProcessInitializeOnLoadMethodAttributes (11ms)
				AfterProcessingInitializeOnLoad (1ms)
				EditorAssembliesLoaded (0ms)
			ExecutionOrderSort2 (0ms)
			AwakeInstancesAfterBackupRestoration (2ms)
Platform modules already initialized, skipping
========================================================================
Worker process is ready to serve import requests
Launching external process: /Applications/Unity/Hub/Editor/2021.3.19f1/Unity.app/Contents/Tools/UnityShaderCompiler
Launched and connected shader compiler UnityShaderCompiler after 0.05 seconds
Refreshing native plugins compatible for Editor in 0.31 ms, found 2 plugins.
Preloading 0 native plugins for Editor in 0.00 ms.
Unloading 3213 Unused Serialized files (Serialized files now loaded: 0)
Unloading 37 unused Assets / (412.5 KB). Loaded Objects now: 3680.
Memory consumption went from 184.2 MB to 183.8 MB.
Total: 2.557292 ms (FindLiveObjects: 0.152750 ms CreateObjectMapping: 0.039458 ms MarkObjects: 2.225833 ms  DeleteObjects: 0.138792 ms)

AssetImportParameters requested are different than current active one (requested -> active):
  custom:video-decoder-ogg-theora: a1e56fd34408186e4bbccfd4996cb3dc -> 
  custom:container-muxer-webm: aa71ff27fc2769a1b78a27578f13a17b -> 
  custom:container-demuxer-webm: 4f35f7cbe854078d1ac9338744f61a02 -> 
  custom:video-encoder-webm-vp8: eb34c28f22e8b96e1ab97ce403110664 -> 
  custom:framework-osx-AVFoundation: e770b220cccbd017edd2c1fefb359320 -> 
  custom:audio-encoder-webm-vorbis: bf7c407c2cedff20999df2af8eb42d56 -> 
  custom:container-demuxer-ogg: 62fdf1f143b41e24485cea50d1cbac27 -> 
  custom:video-decoder-webm-vp8: 9c59270c3fd7afecdb556c50c9e8de78 -> 
  custom:audio-decoder-ogg-vorbis: bf7c407c2cedff20999df2af8eb42d56 -> 
========================================================================
Received Import Request.
  Time since last request: 136593.715376 seconds.
  path: ProjectSettings/TagManager.asset
  artifactKey: Guid(00000000000000003000000000000000) Importer(815301076,1909f56bfc062723c751e8b465ee728b)
Start importing ProjectSettings/TagManager.asset using Guid(00000000000000003000000000000000) Importer(815301076,1909f56bfc062723c751e8b465ee728b)  -> (artifact id: '5f74b9f0782f3ffe8a654b2b60a9f33c') in 0.057465 seconds 
========================================================================
Received Import Request.
  Time since last request: 116.504552 seconds.
  path: Assets/UnityTechnologies/3DBeginnerTutorial/Prefabs/Level.prefab
  artifactKey: Guid(549c69af39b84624b8a053537c407def) Importer(815301076,1909f56bfc062723c751e8b465ee728b)
Start importing Assets/UnityTechnologies/3DBeginnerTutorial/Prefabs/Level.prefab using Guid(549c69af39b84624b8a053537c407def) Importer(815301076,1909f56bfc062723c751e8b465ee728b)  -> (artifact id: 'db89c94b1280f9e0d4be2b257bcb73fa') in 0.449821 seconds 
========================================================================
Received Import Request.
  Time since last request: 7.534111 seconds.
  path: Assets/UnityTechnologies/3DBeginnerTutorial/TutorialInfo/Scripts/Editor/ReadmeEditor.cs
  artifactKey: Guid(476cc7d7cd9874016adc216baab94a0a) Importer(815301076,1909f56bfc062723c751e8b465ee728b)
Start importing Assets/UnityTechnologies/3DBeginnerTutorial/TutorialInfo/Scripts/Editor/ReadmeEditor.cs using Guid(476cc7d7cd9874016adc216baab94a0a) Importer(815301076,1909f56bfc062723c751e8b465ee728b)  -> (artifact id: 'dc7418b3ce91d378a7d5afcfa1c93356') in 0.053301 seconds 
========================================================================
Received Import Request.
  Time since last request: 8.470857 seconds.
  path: Assets/UnityTechnologies/3DBeginnerTutorial/Prefabs/VFX/CandleFlame.prefab
  artifactKey: Guid(a24956b5a0e552047a522ea09e794d95) Importer(815301076,1909f56bfc062723c751e8b465ee728b)
Start importing Assets/UnityTechnologies/3DBeginnerTutorial/Prefabs/VFX/CandleFlame.prefab using Guid(a24956b5a0e552047a522ea09e794d95) Importer(815301076,1909f56bfc062723c751e8b465ee728b)  -> (artifact id: '0ca202dd875a42604d39548aaa601d9a') in 0.014519 seconds 
========================================================================
Received Import Request.
  Time since last request: 0.000054 seconds.
  path: Assets/UnityTechnologies/3DBeginnerTutorial/Prefabs/VFX/Shower.prefab
  artifactKey: Guid(3d19250bdd4e0df4c8da855e85a8d70b) Importer(815301076,1909f56bfc062723c751e8b465ee728b)
Start importing Assets/UnityTechnologies/3DBeginnerTutorial/Prefabs/VFX/Shower.prefab using Guid(3d19250bdd4e0df4c8da855e85a8d70b) Importer(815301076,1909f56bfc062723c751e8b465ee728b)  -> (artifact id: '29283a977fa95443b0b10cee0d742a04') in 0.011529 seconds 
========================================================================
Received Import Request.
  Time since last request: 3.345979 seconds.
  path: Assets/UnityTechnologies/3DBeginnerTutorial/Prefabs/Environment/Bedroom/Bed.prefab
  artifactKey: Guid(645ef604d3d32e045b044529dbc554af) Importer(815301076,1909f56bfc062723c751e8b465ee728b)
Start importing Assets/UnityTechnologies/3DBeginnerTutorial/Prefabs/Environment/Bedroom/Bed.prefab using Guid(645ef604d3d32e045b044529dbc554af) Importer(815301076,1909f56bfc062723c751e8b465ee728b)  -> (artifact id: 'c88509b8caf8005b1b16693c5dd60226') in 0.015825 seconds 
========================================================================
Received Import Request.
  Time since last request: 0.000048 seconds.
  path: Assets/UnityTechnologies/3DBeginnerTutorial/Prefabs/Environment/Bedroom/Wardrobe.prefab
  artifactKey: Guid(1f2baa001e967a24fa7e0722636120b0) Importer(815301076,1909f56bfc062723c751e8b465ee728b)
Start importing Assets/UnityTechnologies/3DBeginnerTutorial/Prefabs/Environment/Bedroom/Wardrobe.prefab using Guid(1f2baa001e967a24fa7e0722636120b0) Importer(815301076,1909f56bfc062723c751e8b465ee728b)  -> (artifact id: 'd6cce501ea724c94162b7f626b8c03ea') in 0.010177 seconds 
========================================================================
Received Import Request.
  Time since last request: 0.431957 seconds.
  path: Assets/UnityTechnologies/3DBeginnerTutorial/Prefabs/Environment/Corridors/Door.prefab
  artifactKey: Guid(141a3c088bae48f42a579375904a411c) Importer(815301076,1909f56bfc062723c751e8b465ee728b)
Start importing Assets/UnityTechnologies/3DBeginnerTutorial/Prefabs/Environment/Corridors/Door.prefab using Guid(141a3c088bae48f42a579375904a411c) Importer(815301076,1909f56bfc062723c751e8b465ee728b)  -> (artifact id: '603699a0e9e9fe039f70402a6fac3d77') in 0.019440 seconds 
========================================================================
Received Import Request.
  Time since last request: 0.000050 seconds.
  path: Assets/UnityTechnologies/3DBeginnerTutorial/Prefabs/Environment/Corridors/Wall_Straight_01.prefab
  artifactKey: Guid(f0813250bbbbb424388bcfd29b014cb7) Importer(815301076,1909f56bfc062723c751e8b465ee728b)
Start importing Assets/UnityTechnologies/3DBeginnerTutorial/Prefabs/Environment/Corridors/Wall_Straight_01.prefab using Guid(f0813250bbbbb424388bcfd29b014cb7) Importer(815301076,1909f56bfc062723c751e8b465ee728b)  -> (artifact id: 'd53f64a3dae36df2178ed9d663b62f9d') in 0.010798 seconds 
========================================================================
Received Import Request.
  Time since last request: 0.000042 seconds.
  path: Assets/UnityTechnologies/3DBeginnerTutorial/Prefabs/Environment/Corridors/Wall_Straight_Exterior_04.prefab
  artifactKey: Guid(fe38739420c917b45aa10d806da6344b) Importer(815301076,1909f56bfc062723c751e8b465ee728b)
Start importing Assets/UnityTechnologies/3DBeginnerTutorial/Prefabs/Environment/Corridors/Wall_Straight_Exterior_04.prefab using Guid(fe38739420c917b45aa10d806da6344b) Importer(815301076,1909f56bfc062723c751e8b465ee728b)  -> (artifact id: 'c68a4a230ecebf9610554a784b75c143') in 0.008601 seconds 
========================================================================
Received Import Request.
  Time since last request: 0.000060 seconds.
  path: Assets/UnityTechnologies/3DBeginnerTutorial/Prefabs/Environment/Corridors/Rug_Corridor.prefab
  artifactKey: Guid(d6f7474cae3e0ab43bce6c8505c5db19) Importer(815301076,1909f56bfc062723c751e8b465ee728b)
Start importing Assets/UnityTechnologies/3DBeginnerTutorial/Prefabs/Environment/Corridors/Rug_Corridor.prefab using Guid(d6f7474cae3e0ab43bce6c8505c5db19) Importer(815301076,1909f56bfc062723c751e8b465ee728b)  -> (artifact id: '5f4a9da495d51db573e8e69a47eff242') in 0.009788 seconds 
========================================================================
Received Import Request.
  Time since last request: 0.000049 seconds.
  path: Assets/UnityTechnologies/3DBeginnerTutorial/Prefabs/Environment/Corridors/Wall_Straight_Exterior_03.prefab
  artifactKey: Guid(9aa36451a9a7f5148849a5de98e47e9e) Importer(815301076,1909f56bfc062723c751e8b465ee728b)
Start importing Assets/UnityTechnologies/3DBeginnerTutorial/Prefabs/Environment/Corridors/Wall_Straight_Exterior_03.prefab using Guid(9aa36451a9a7f5148849a5de98e47e9e) Importer(815301076,1909f56bfc062723c751e8b465ee728b)  -> (artifact id: '3f9b2be639ad84647e01b3e68bb023f7') in 0.006687 seconds 
========================================================================
Received Import Request.
  Time since last request: 0.000036 seconds.
  path: Assets/UnityTechnologies/3DBeginnerTutorial/Prefabs/Environment/Corridors/Wall_Straight_02.prefab
  artifactKey: Guid(c013316754088b1449bccb219da41401) Importer(815301076,1909f56bfc062723c751e8b465ee728b)
Start importing Assets/UnityTechnologies/3DBeginnerTutorial/Prefabs/Environment/Corridors/Wall_Straight_02.prefab using Guid(c013316754088b1449bccb219da41401) Importer(815301076,1909f56bfc062723c751e8b465ee728b)  -> (artifact id: 'd8f33c83e648ddb07a733f038aafee3c') in 0.006691 seconds 
========================================================================
Received Import Request.
  Time since last request: 0.000039 seconds.
  path: Assets/UnityTechnologies/3DBeginnerTutorial/Prefabs/Environment/Corridors/Wall_Straight_Exterior_01.prefab
  artifactKey: Guid(e8b57bf1aa0bc904386562ebc4602661) Importer(815301076,1909f56bfc062723c751e8b465ee728b)
Start importing Assets/UnityTechnologies/3DBeginnerTutorial/Prefabs/Environment/Corridors/Wall_Straight_Exterior_01.prefab using Guid(e8b57bf1aa0bc904386562ebc4602661) Importer(815301076,1909f56bfc062723c751e8b465ee728b)  -> (artifact id: '047231fbe75d353e7c8bc80e40051818') in 0.006338 seconds 
========================================================================
Received Import Request.
  Time since last request: 0.000068 seconds.
  path: Assets/UnityTechnologies/3DBeginnerTutorial/Prefabs/Environment/Corridors/Wall_Corner_Interior.prefab
  artifactKey: Guid(5a088a5f9e886a64b90e23ed9d048b4f) Importer(815301076,1909f56bfc062723c751e8b465ee728b)
Start importing Assets/UnityTechnologies/3DBeginnerTutorial/Prefabs/Environment/Corridors/Wall_Corner_Interior.prefab using Guid(5a088a5f9e886a64b90e23ed9d048b4f) Importer(815301076,1909f56bfc062723c751e8b465ee728b)  -> (artifact id: 'b4fa1d1bc7b2c396f2af9d3bbe9ef8c1') in 0.007157 seconds 
========================================================================
Received Import Request.
  Time since last request: 0.000047 seconds.
  path: Assets/UnityTechnologies/3DBeginnerTutorial/Prefabs/Environment/Corridors/Wall_Window_02.prefab
  artifactKey: Guid(962c5f6cf906ba8459778725994343f5) Importer(815301076,1909f56bfc062723c751e8b465ee728b)
Start importing Assets/UnityTechnologies/3DBeginnerTutorial/Prefabs/Environment/Corridors/Wall_Window_02.prefab using Guid(962c5f6cf906ba8459778725994343f5) Importer(815301076,1909f56bfc062723c751e8b465ee728b)  -> (artifact id: 'e3fed6263407cae39a89f175b16188dc') in 0.008707 seconds 
========================================================================
Received Import Request.
  Time since last request: 2.731382 seconds.
  path: Assets/UnityTechnologies/3DBeginnerTutorial/Art/Audio/SFXBuzzingLight.wav
  artifactKey: Guid(86e0f005f0b8e084698c2cf61bb6c2b6) Importer(815301076,1909f56bfc062723c751e8b465ee728b)
Start importing Assets/UnityTechnologies/3DBeginnerTutorial/Art/Audio/SFXBuzzingLight.wav using Guid(86e0f005f0b8e084698c2cf61bb6c2b6) Importer(815301076,1909f56bfc062723c751e8b465ee728b)  -> (artifact id: 'bce7e7e388aec91b26713876fdb6dd5e') in 0.090408 seconds 
========================================================================
Received Import Request.
  Time since last request: 0.000042 seconds.
  path: Assets/UnityTechnologies/3DBeginnerTutorial/Art/Audio/SFXHouseAmbience.wav
  artifactKey: Guid(205287722f2b6b64583b86d65fdeeb11) Importer(815301076,1909f56bfc062723c751e8b465ee728b)
Start importing Assets/UnityTechnologies/3DBeginnerTutorial/Art/Audio/SFXHouseAmbience.wav using Guid(205287722f2b6b64583b86d65fdeeb11) Importer(815301076,1909f56bfc062723c751e8b465ee728b)  -> (artifact id: 'a156a1178e16b546b15e47ef7c15e7da') in 0.004412 seconds 
========================================================================
Received Import Request.
  Time since last request: 0.000026 seconds.
  path: Assets/UnityTechnologies/3DBeginnerTutorial/Art/Audio/SFXGhostMove.wav
  artifactKey: Guid(98ea14dfdb9dce74a976520f134fd1a2) Importer(815301076,1909f56bfc062723c751e8b465ee728b)
Start importing Assets/UnityTechnologies/3DBeginnerTutorial/Art/Audio/SFXGhostMove.wav using Guid(98ea14dfdb9dce74a976520f134fd1a2) Importer(815301076,1909f56bfc062723c751e8b465ee728b)  -> (artifact id: '38dff03e14b8c06322519233dfb0acde') in 0.004957 seconds 
========================================================================
Received Import Request.
  Time since last request: 0.000039 seconds.
  path: Assets/UnityTechnologies/3DBeginnerTutorial/Art/Audio/SFXGameOver.wav
  artifactKey: Guid(2789d5ce62baaba4ab1ee8bb172304a6) Importer(815301076,1909f56bfc062723c751e8b465ee728b)
Start importing Assets/UnityTechnologies/3DBeginnerTutorial/Art/Audio/SFXGameOver.wav using Guid(2789d5ce62baaba4ab1ee8bb172304a6) Importer(815301076,1909f56bfc062723c751e8b465ee728b)  -> (artifact id: 'e08e62b23cc006eda6d5276db5bc240d') in 0.004938 seconds 
========================================================================
Received Prepare
Registering precompiled user dll's ...
Registered in 0.002395 seconds.
Begin MonoManager ReloadAssembly
Thread 0x299c23000 may have been prematurely finalized
Symbol file LoadedFromMemory doesn't match image /Users/mymac/Documents/GitHub/JL_BCSD/존 레몬의 공포 체험/Library/PackageCache/com.unity.visualscripting@1.8.0/Editor/VisualScripting.Core/Dependencies/YamlDotNet/Unity.VisualScripting.YamlDotNet.dll
Symbol file LoadedFromMemory doesn't match image /Users/mymac/Documents/GitHub/JL_BCSD/존 레몬의 공포 체험/Library/PackageCache/com.unity.visualscripting@1.8.0/Editor/VisualScripting.Core/Dependencies/DotNetZip/Unity.VisualScripting.IonicZip.dll
Native extension for iOS target not found
Native extension for Android target not found
Native extension for OSXStandalone target not found
Refreshing native plugins compatible for Editor in 0.42 ms, found 2 plugins.
Preloading 0 native plugins for Editor in 0.00 ms.
[ScriptCompilation] NOT recompiling all scripts because this is an import worker process. Reason to compile was: Define symbols changed
Mono: successfully reloaded assembly
- Completed reload, in  0.638 seconds
Domain Reload Profiling:
	ReloadAssembly (639ms)
		BeginReloadAssembly (85ms)
			ExecutionOrderSort (0ms)
			DisableScriptedObjects (2ms)
			BackupInstance (0ms)
			ReleaseScriptingObjects (0ms)
			CreateAndSetChildDomain (34ms)
		EndReloadAssembly (496ms)
			LoadAssemblies (34ms)
			RebuildTransferFunctionScriptingTraits (0ms)
			SetupTypeCache (174ms)
			ReleaseScriptCaches (1ms)
			RebuildScriptCaches (28ms)
			SetupLoadedEditorAssemblies (222ms)
				LogAssemblyErrors (0ms)
				InitializePlatformSupportModulesInManaged (57ms)
				SetLoadedEditorAssemblies (0ms)
				RefreshPlugins (0ms)
				BeforeProcessingInitializeOnLoad (37ms)
				ProcessInitializeOnLoadAttributes (115ms)
				ProcessInitializeOnLoadMethodAttributes (11ms)
				AfterProcessingInitializeOnLoad (1ms)
				EditorAssembliesLoaded (1ms)
			ExecutionOrderSort2 (0ms)
			AwakeInstancesAfterBackupRestoration (2ms)
Platform modules already initialized, skipping
Refreshing native plugins compatible for Editor in 0.91 ms, found 2 plugins.
Preloading 0 native plugins for Editor in 0.00 ms.
Unloading 3338 Unused Serialized files (Serialized files now loaded: 0)
Unloading 59 unused Assets / (2.9 MB). Loaded Objects now: 3804.
Memory consumption went from 224.7 MB to 221.8 MB.
Total: 2.642917 ms (FindLiveObjects: 0.098167 ms CreateObjectMapping: 0.037959 ms MarkObjects: 1.960500 ms  DeleteObjects: 0.545709 ms)

AssetImportParameters requested are different than current active one (requested -> active):
  custom:video-decoder-ogg-theora: a1e56fd34408186e4bbccfd4996cb3dc -> 
  custom:container-muxer-webm: aa71ff27fc2769a1b78a27578f13a17b -> 
  custom:container-demuxer-webm: 4f35f7cbe854078d1ac9338744f61a02 -> 
  custom:video-encoder-webm-vp8: eb34c28f22e8b96e1ab97ce403110664 -> 
  custom:framework-osx-AVFoundation: e770b220cccbd017edd2c1fefb359320 -> 
  custom:audio-encoder-webm-vorbis: bf7c407c2cedff20999df2af8eb42d56 -> 
  custom:container-demuxer-ogg: 62fdf1f143b41e24485cea50d1cbac27 -> 
  custom:video-decoder-webm-vp8: 9c59270c3fd7afecdb556c50c9e8de78 -> 
  custom:audio-decoder-ogg-vorbis: bf7c407c2cedff20999df2af8eb42d56 -> 
========================================================================
Received Import Request.
  Time since last request: 289.614196 seconds.
  path: Assets/Scenes/MainScene_Profiles
  artifactKey: Guid(ccafad74664a34c0da2de5f75a4f613f) Importer(815301076,1909f56bfc062723c751e8b465ee728b)
Start importing Assets/Scenes/MainScene_Profiles using Guid(ccafad74664a34c0da2de5f75a4f613f) Importer(815301076,1909f56bfc062723c751e8b465ee728b)  -> (artifact id: '03973f58a42a30585f6beff8d92715e9') in 0.007475 seconds 
========================================================================
Received Import Request.
  Time since last request: 0.037269 seconds.
  path: Assets/Scenes/MainScene_Profiles/GlobalPost Profile.asset
  artifactKey: Guid(fc99512ceb18346f0b04fe05df9a1561) Importer(815301076,1909f56bfc062723c751e8b465ee728b)
Start importing Assets/Scenes/MainScene_Profiles/GlobalPost Profile.asset using Guid(fc99512ceb18346f0b04fe05df9a1561) Importer(815301076,1909f56bfc062723c751e8b465ee728b)  -> (artifact id: '19cfe8fab952bc3456ad03522857ede2') in 0.007224 seconds 
========================================================================
Received Import Request.
  Time since last request: 61.103417 seconds.
  path: Assets/Scenes/MainScene_Profiles/GlobalPost Profile.asset
  artifactKey: Guid(fc99512ceb18346f0b04fe05df9a1561) Importer(815301076,1909f56bfc062723c751e8b465ee728b)
Start importing Assets/Scenes/MainScene_Profiles/GlobalPost Profile.asset using Guid(fc99512ceb18346f0b04fe05df9a1561) Importer(815301076,1909f56bfc062723c751e8b465ee728b)  -> (artifact id: '6472592f9f7aef8caa674a3693445985') in 0.008806 seconds 
========================================================================
Received Import Request.
  Time since last request: 117.308679 seconds.
  path: Assets/Scenes/MainScene_Profiles/GlobalPost Profile.asset
  artifactKey: Guid(fc99512ceb18346f0b04fe05df9a1561) Importer(815301076,1909f56bfc062723c751e8b465ee728b)
Start importing Assets/Scenes/MainScene_Profiles/GlobalPost Profile.asset using Guid(fc99512ceb18346f0b04fe05df9a1561) Importer(815301076,1909f56bfc062723c751e8b465ee728b)  -> (artifact id: 'a237ad81a883af0e2ff597a35201c9ac') in 0.001857 seconds 
========================================================================
Received Import Request.
  Time since last request: 2.634962 seconds.
  path: Assets/Scenes/MainScene_Profiles/GlobalPost Profile.asset
  artifactKey: Guid(fc99512ceb18346f0b04fe05df9a1561) Importer(815301076,1909f56bfc062723c751e8b465ee728b)
Start importing Assets/Scenes/MainScene_Profiles/GlobalPost Profile.asset using Guid(fc99512ceb18346f0b04fe05df9a1561) Importer(815301076,1909f56bfc062723c751e8b465ee728b)  -> (artifact id: '83d6969c353162f615939f6fad31cfb7') in 0.001596 seconds 
========================================================================
Received Import Request.
  Time since last request: 2.642267 seconds.
  path: Assets/Scenes/MainScene_Profiles/GlobalPost Profile.asset
  artifactKey: Guid(fc99512ceb18346f0b04fe05df9a1561) Importer(815301076,1909f56bfc062723c751e8b465ee728b)
Start importing Assets/Scenes/MainScene_Profiles/GlobalPost Profile.asset using Guid(fc99512ceb18346f0b04fe05df9a1561) Importer(815301076,1909f56bfc062723c751e8b465ee728b)  -> (artifact id: '74f6af0424f69980ea46db5a6c1e43a7') in 0.002049 seconds 
========================================================================
Received Import Request.
  Time since last request: 39.408389 seconds.
  path: Assets/Scenes/MainScene_Profiles/GlobalPost Profile.asset
  artifactKey: Guid(fc99512ceb18346f0b04fe05df9a1561) Importer(815301076,1909f56bfc062723c751e8b465ee728b)
Start importing Assets/Scenes/MainScene_Profiles/GlobalPost Profile.asset using Guid(fc99512ceb18346f0b04fe05df9a1561) Importer(815301076,1909f56bfc062723c751e8b465ee728b)  -> (artifact id: 'db5fcbce39a2ba61cb7229382f27e4bf') in 0.002114 seconds 
========================================================================
Received Import Request.
  Time since last request: 44.543303 seconds.
  path: Assets/Scenes/MainScene_Profiles/GlobalPost Profile.asset
  artifactKey: Guid(fc99512ceb18346f0b04fe05df9a1561) Importer(815301076,1909f56bfc062723c751e8b465ee728b)
Start importing Assets/Scenes/MainScene_Profiles/GlobalPost Profile.asset using Guid(fc99512ceb18346f0b04fe05df9a1561) Importer(815301076,1909f56bfc062723c751e8b465ee728b)  -> (artifact id: 'd465e9f8c6c5795a5615d192de2ade0c') in 0.002089 seconds 
========================================================================
Received Import Request.
  Time since last request: 26.329691 seconds.
  path: Assets/Scenes/MainScene_Profiles/GlobalPost Profile.asset
  artifactKey: Guid(fc99512ceb18346f0b04fe05df9a1561) Importer(815301076,1909f56bfc062723c751e8b465ee728b)
Start importing Assets/Scenes/MainScene_Profiles/GlobalPost Profile.asset using Guid(fc99512ceb18346f0b04fe05df9a1561) Importer(815301076,1909f56bfc062723c751e8b465ee728b)  -> (artifact id: '0d826a81421596265fbf2c78fd7b8337') in 0.001656 seconds 
========================================================================
Received Import Request.
  Time since last request: 18.825159 seconds.
  path: Assets/Scenes/MainScene_Profiles/GlobalPost Profile.asset
  artifactKey: Guid(fc99512ceb18346f0b04fe05df9a1561) Importer(815301076,1909f56bfc062723c751e8b465ee728b)
Start importing Assets/Scenes/MainScene_Profiles/GlobalPost Profile.asset using Guid(fc99512ceb18346f0b04fe05df9a1561) Importer(815301076,1909f56bfc062723c751e8b465ee728b)  -> (artifact id: 'aa970a0b77f1bffc037de6aa022374c9') in 0.001488 seconds 
========================================================================
Received Prepare
Registering precompiled user dll's ...
Registered in 0.001651 seconds.
Begin MonoManager ReloadAssembly
Thread 0x299d3b000 may have been prematurely finalized
Symbol file LoadedFromMemory doesn't match image /Users/mymac/Documents/GitHub/JL_BCSD/존 레몬의 공포 체험/Library/PackageCache/com.unity.visualscripting@1.8.0/Editor/VisualScripting.Core/Dependencies/YamlDotNet/Unity.VisualScripting.YamlDotNet.dll
Symbol file LoadedFromMemory doesn't match image /Users/mymac/Documents/GitHub/JL_BCSD/존 레몬의 공포 체험/Library/PackageCache/com.unity.visualscripting@1.8.0/Editor/VisualScripting.Core/Dependencies/DotNetZip/Unity.VisualScripting.IonicZip.dll
Native extension for iOS target not found
Native extension for Android target not found
Native extension for OSXStandalone target not found
Refreshing native plugins compatible for Editor in 0.48 ms, found 2 plugins.
Preloading 0 native plugins for Editor in 0.00 ms.
Mono: successfully reloaded assembly
- Completed reload, in  0.680 seconds
Domain Reload Profiling:
	ReloadAssembly (681ms)
		BeginReloadAssembly (103ms)
			ExecutionOrderSort (0ms)
			DisableScriptedObjects (3ms)
			BackupInstance (0ms)
			ReleaseScriptingObjects (0ms)
			CreateAndSetChildDomain (41ms)
		EndReloadAssembly (514ms)
			LoadAssemblies (43ms)
			RebuildTransferFunctionScriptingTraits (0ms)
			SetupTypeCache (200ms)
			ReleaseScriptCaches (1ms)
			RebuildScriptCaches (33ms)
			SetupLoadedEditorAssemblies (198ms)
				LogAssemblyErrors (0ms)
				InitializePlatformSupportModulesInManaged (18ms)
				SetLoadedEditorAssemblies (0ms)
				RefreshPlugins (1ms)
				BeforeProcessingInitializeOnLoad (41ms)
				ProcessInitializeOnLoadAttributes (123ms)
				ProcessInitializeOnLoadMethodAttributes (13ms)
				AfterProcessingInitializeOnLoad (1ms)
				EditorAssembliesLoaded (0ms)
			ExecutionOrderSort2 (0ms)
			AwakeInstancesAfterBackupRestoration (2ms)
Platform modules already initialized, skipping
Refreshing native plugins compatible for Editor in 1.59 ms, found 2 plugins.
Preloading 0 native plugins for Editor in 0.00 ms.
Unloading 3338 Unused Serialized files (Serialized files now loaded: 0)
Unloading 57 unused Assets / (3.0 MB). Loaded Objects now: 3819.
Memory consumption went from 224.8 MB to 221.8 MB.
Total: 3.118500 ms (FindLiveObjects: 0.144916 ms CreateObjectMapping: 0.040458 ms MarkObjects: 2.266584 ms  DeleteObjects: 0.665709 ms)

AssetImportParameters requested are different than current active one (requested -> active):
  custom:video-decoder-ogg-theora: a1e56fd34408186e4bbccfd4996cb3dc -> 
  custom:container-muxer-webm: aa71ff27fc2769a1b78a27578f13a17b -> 
  custom:container-demuxer-webm: 4f35f7cbe854078d1ac9338744f61a02 -> 
  custom:video-encoder-webm-vp8: eb34c28f22e8b96e1ab97ce403110664 -> 
  custom:framework-osx-AVFoundation: e770b220cccbd017edd2c1fefb359320 -> 
  custom:audio-encoder-webm-vorbis: bf7c407c2cedff20999df2af8eb42d56 -> 
  custom:container-demuxer-ogg: 62fdf1f143b41e24485cea50d1cbac27 -> 
  custom:video-decoder-webm-vp8: 9c59270c3fd7afecdb556c50c9e8de78 -> 
  custom:audio-decoder-ogg-vorbis: bf7c407c2cedff20999df2af8eb42d56 -> 
========================================================================
Received Import Request.
  Time since last request: 849.779733 seconds.
  path: Assets/Scripts/GameEnding.cs
  artifactKey: Guid(bd96b8f4ef3b04687bc8ec506e7663f7) Importer(815301076,1909f56bfc062723c751e8b465ee728b)
Start importing Assets/Scripts/GameEnding.cs using Guid(bd96b8f4ef3b04687bc8ec506e7663f7) Importer(815301076,1909f56bfc062723c751e8b465ee728b)  -> (artifact id: '680099a5a5c648701b0442ad6f80e781') in 0.024514 seconds 
========================================================================
Received Prepare
Registering precompiled user dll's ...
Registered in 0.001673 seconds.
Begin MonoManager ReloadAssembly
Thread 0x299d3b000 may have been prematurely finalized
Symbol file LoadedFromMemory doesn't match image /Users/mymac/Documents/GitHub/JL_BCSD/존 레몬의 공포 체험/Library/PackageCache/com.unity.visualscripting@1.8.0/Editor/VisualScripting.Core/Dependencies/YamlDotNet/Unity.VisualScripting.YamlDotNet.dll
Symbol file LoadedFromMemory doesn't match image /Users/mymac/Documents/GitHub/JL_BCSD/존 레몬의 공포 체험/Library/PackageCache/com.unity.visualscripting@1.8.0/Editor/VisualScripting.Core/Dependencies/DotNetZip/Unity.VisualScripting.IonicZip.dll
Native extension for iOS target not found
Native extension for Android target not found
Native extension for OSXStandalone target not found
Refreshing native plugins compatible for Editor in 0.46 ms, found 2 plugins.
Preloading 0 native plugins for Editor in 0.00 ms.
Mono: successfully reloaded assembly
- Completed reload, in  0.637 seconds
Domain Reload Profiling:
	ReloadAssembly (638ms)
		BeginReloadAssembly (104ms)
			ExecutionOrderSort (0ms)
			DisableScriptedObjects (5ms)
			BackupInstance (0ms)
			ReleaseScriptingObjects (0ms)
			CreateAndSetChildDomain (44ms)
		EndReloadAssembly (475ms)
			LoadAssemblies (38ms)
			RebuildTransferFunctionScriptingTraits (0ms)
			SetupTypeCache (179ms)
			ReleaseScriptCaches (1ms)
			RebuildScriptCaches (29ms)
			SetupLoadedEditorAssemblies (190ms)
				LogAssemblyErrors (0ms)
				InitializePlatformSupportModulesInManaged (18ms)
				SetLoadedEditorAssemblies (0ms)
				RefreshPlugins (0ms)
				BeforeProcessingInitializeOnLoad (39ms)
				ProcessInitializeOnLoadAttributes (119ms)
				ProcessInitializeOnLoadMethodAttributes (12ms)
				AfterProcessingInitializeOnLoad (1ms)
				EditorAssembliesLoaded (0ms)
			ExecutionOrderSort2 (0ms)
			AwakeInstancesAfterBackupRestoration (2ms)
Platform modules already initialized, skipping
Refreshing native plugins compatible for Editor in 1.36 ms, found 2 plugins.
Preloading 0 native plugins for Editor in 0.00 ms.
Unloading 3339 Unused Serialized files (Serialized files now loaded: 0)
Unloading 57 unused Assets / (3.0 MB). Loaded Objects now: 3835.
Memory consumption went from 225.0 MB to 222.0 MB.
Total: 2.908583 ms (FindLiveObjects: 0.118541 ms CreateObjectMapping: 0.041333 ms MarkObjects: 2.153334 ms  DeleteObjects: 0.594750 ms)

AssetImportParameters requested are different than current active one (requested -> active):
  custom:video-decoder-ogg-theora: a1e56fd34408186e4bbccfd4996cb3dc -> 
  custom:container-muxer-webm: aa71ff27fc2769a1b78a27578f13a17b -> 
  custom:container-demuxer-webm: 4f35f7cbe854078d1ac9338744f61a02 -> 
  custom:video-encoder-webm-vp8: eb34c28f22e8b96e1ab97ce403110664 -> 
  custom:framework-osx-AVFoundation: e770b220cccbd017edd2c1fefb359320 -> 
  custom:audio-encoder-webm-vorbis: bf7c407c2cedff20999df2af8eb42d56 -> 
  custom:container-demuxer-ogg: 62fdf1f143b41e24485cea50d1cbac27 -> 
  custom:video-decoder-webm-vp8: 9c59270c3fd7afecdb556c50c9e8de78 -> 
  custom:audio-decoder-ogg-vorbis: bf7c407c2cedff20999df2af8eb42d56 -> 
========================================================================
Received Import Request.
  Time since last request: 117.354847 seconds.
  path: Assets/Scripts/GameEnding.cs
  artifactKey: Guid(bd96b8f4ef3b04687bc8ec506e7663f7) Importer(815301076,1909f56bfc062723c751e8b465ee728b)
Start importing Assets/Scripts/GameEnding.cs using Guid(bd96b8f4ef3b04687bc8ec506e7663f7) Importer(815301076,1909f56bfc062723c751e8b465ee728b)  -> (artifact id: 'd702a17b3d3e65c672e6705236c561b9') in 0.077034 seconds 
========================================================================
Received Prepare
Registering precompiled user dll's ...
Registered in 0.002074 seconds.
Begin MonoManager ReloadAssembly
Thread 0x299d3b000 may have been prematurely finalized
Symbol file LoadedFromMemory doesn't match image /Users/mymac/Documents/GitHub/JL_BCSD/존 레몬의 공포 체험/Library/PackageCache/com.unity.visualscripting@1.8.0/Editor/VisualScripting.Core/Dependencies/YamlDotNet/Unity.VisualScripting.YamlDotNet.dll
Symbol file LoadedFromMemory doesn't match image /Users/mymac/Documents/GitHub/JL_BCSD/존 레몬의 공포 체험/Library/PackageCache/com.unity.visualscripting@1.8.0/Editor/VisualScripting.Core/Dependencies/DotNetZip/Unity.VisualScripting.IonicZip.dll
Native extension for iOS target not found
Native extension for Android target not found
Native extension for OSXStandalone target not found
Refreshing native plugins compatible for Editor in 0.36 ms, found 2 plugins.
Preloading 0 native plugins for Editor in 0.00 ms.
Mono: successfully reloaded assembly
- Completed reload, in  0.647 seconds
Domain Reload Profiling:
	ReloadAssembly (648ms)
		BeginReloadAssembly (106ms)
			ExecutionOrderSort (0ms)
			DisableScriptedObjects (3ms)
			BackupInstance (0ms)
			ReleaseScriptingObjects (0ms)
			CreateAndSetChildDomain (44ms)
		EndReloadAssembly (481ms)
			LoadAssemblies (44ms)
			RebuildTransferFunctionScriptingTraits (0ms)
			SetupTypeCache (185ms)
			ReleaseScriptCaches (1ms)
			RebuildScriptCaches (31ms)
			SetupLoadedEditorAssemblies (186ms)
				LogAssemblyErrors (0ms)
				InitializePlatformSupportModulesInManaged (18ms)
				SetLoadedEditorAssemblies (0ms)
				RefreshPlugins (0ms)
				BeforeProcessingInitializeOnLoad (38ms)
				ProcessInitializeOnLoadAttributes (117ms)
				ProcessInitializeOnLoadMethodAttributes (12ms)
				AfterProcessingInitializeOnLoad (1ms)
				EditorAssembliesLoaded (0ms)
			ExecutionOrderSort2 (0ms)
			AwakeInstancesAfterBackupRestoration (2ms)
Platform modules already initialized, skipping
Refreshing native plugins compatible for Editor in 0.88 ms, found 2 plugins.
Preloading 0 native plugins for Editor in 0.00 ms.
Unloading 3339 Unused Serialized files (Serialized files now loaded: 0)
Unloading 57 unused Assets / (3.0 MB). Loaded Objects now: 3850.
Memory consumption went from 224.9 MB to 221.9 MB.
Total: 2.690500 ms (FindLiveObjects: 0.111292 ms CreateObjectMapping: 0.038916 ms MarkObjects: 2.003292 ms  DeleteObjects: 0.536125 ms)

AssetImportParameters requested are different than current active one (requested -> active):
  custom:video-decoder-ogg-theora: a1e56fd34408186e4bbccfd4996cb3dc -> 
  custom:container-muxer-webm: aa71ff27fc2769a1b78a27578f13a17b -> 
  custom:container-demuxer-webm: 4f35f7cbe854078d1ac9338744f61a02 -> 
  custom:video-encoder-webm-vp8: eb34c28f22e8b96e1ab97ce403110664 -> 
  custom:framework-osx-AVFoundation: e770b220cccbd017edd2c1fefb359320 -> 
  custom:audio-encoder-webm-vorbis: bf7c407c2cedff20999df2af8eb42d56 -> 
  custom:container-demuxer-ogg: 62fdf1f143b41e24485cea50d1cbac27 -> 
  custom:video-decoder-webm-vp8: 9c59270c3fd7afecdb556c50c9e8de78 -> 
  custom:audio-decoder-ogg-vorbis: bf7c407c2cedff20999df2af8eb42d56 -> 
========================================================================
Received Import Request.
  Time since last request: 4.214206 seconds.
  path: Assets/Scripts/GameEnding.cs
  artifactKey: Guid(bd96b8f4ef3b04687bc8ec506e7663f7) Importer(815301076,1909f56bfc062723c751e8b465ee728b)
Start importing Assets/Scripts/GameEnding.cs using Guid(bd96b8f4ef3b04687bc8ec506e7663f7) Importer(815301076,1909f56bfc062723c751e8b465ee728b)  -> (artifact id: 'ed95da022cdbe6efdb260f24940d5a7c') in 0.004067 seconds 
========================================================================
Received Prepare
Registering precompiled user dll's ...
Registered in 0.001902 seconds.
Begin MonoManager ReloadAssembly
Thread 0x299d3b000 may have been prematurely finalized
Symbol file LoadedFromMemory doesn't match image /Users/mymac/Documents/GitHub/JL_BCSD/존 레몬의 공포 체험/Library/PackageCache/com.unity.visualscripting@1.8.0/Editor/VisualScripting.Core/Dependencies/YamlDotNet/Unity.VisualScripting.YamlDotNet.dll
Symbol file LoadedFromMemory doesn't match image /Users/mymac/Documents/GitHub/JL_BCSD/존 레몬의 공포 체험/Library/PackageCache/com.unity.visualscripting@1.8.0/Editor/VisualScripting.Core/Dependencies/DotNetZip/Unity.VisualScripting.IonicZip.dll
Native extension for iOS target not found
Native extension for Android target not found
Native extension for OSXStandalone target not found
Refreshing native plugins compatible for Editor in 0.49 ms, found 2 plugins.
Preloading 0 native plugins for Editor in 0.00 ms.
Mono: successfully reloaded assembly
- Completed reload, in  0.646 seconds
Domain Reload Profiling:
	ReloadAssembly (647ms)
		BeginReloadAssembly (77ms)
			ExecutionOrderSort (0ms)
			DisableScriptedObjects (2ms)
			BackupInstance (0ms)
			ReleaseScriptingObjects (0ms)
			CreateAndSetChildDomain (28ms)
		EndReloadAssembly (511ms)
			LoadAssemblies (43ms)
			RebuildTransferFunctionScriptingTraits (0ms)
			SetupTypeCache (187ms)
			ReleaseScriptCaches (1ms)
			RebuildScriptCaches (34ms)
			SetupLoadedEditorAssemblies (199ms)
				LogAssemblyErrors (0ms)
				InitializePlatformSupportModulesInManaged (19ms)
				SetLoadedEditorAssemblies (0ms)
				RefreshPlugins (1ms)
				BeforeProcessingInitializeOnLoad (40ms)
				ProcessInitializeOnLoadAttributes (125ms)
				ProcessInitializeOnLoadMethodAttributes (12ms)
				AfterProcessingInitializeOnLoad (1ms)
				EditorAssembliesLoaded (0ms)
			ExecutionOrderSort2 (0ms)
			AwakeInstancesAfterBackupRestoration (2ms)
Platform modules already initialized, skipping
Refreshing native plugins compatible for Editor in 0.94 ms, found 2 plugins.
Preloading 0 native plugins for Editor in 0.00 ms.
Unloading 3339 Unused Serialized files (Serialized files now loaded: 0)
Unloading 57 unused Assets / (3.0 MB). Loaded Objects now: 3865.
Memory consumption went from 224.9 MB to 221.9 MB.
Total: 3.141583 ms (FindLiveObjects: 0.121292 ms CreateObjectMapping: 0.041833 ms MarkObjects: 2.246458 ms  DeleteObjects: 0.731417 ms)

AssetImportParameters requested are different than current active one (requested -> active):
  custom:video-decoder-ogg-theora: a1e56fd34408186e4bbccfd4996cb3dc -> 
  custom:container-muxer-webm: aa71ff27fc2769a1b78a27578f13a17b -> 
  custom:container-demuxer-webm: 4f35f7cbe854078d1ac9338744f61a02 -> 
  custom:video-encoder-webm-vp8: eb34c28f22e8b96e1ab97ce403110664 -> 
  custom:framework-osx-AVFoundation: e770b220cccbd017edd2c1fefb359320 -> 
  custom:audio-encoder-webm-vorbis: bf7c407c2cedff20999df2af8eb42d56 -> 
  custom:container-demuxer-ogg: 62fdf1f143b41e24485cea50d1cbac27 -> 
  custom:video-decoder-webm-vp8: 9c59270c3fd7afecdb556c50c9e8de78 -> 
  custom:audio-decoder-ogg-vorbis: bf7c407c2cedff20999df2af8eb42d56 -> 
